 2023-05-26 23:13:54,680 : INFO : Test_Login : test_login : 18 : Test login Started
 2023-05-26 23:13:54,680 : INFO : Test_Login : test_login : 20 : Opening Browser
 2023-05-26 23:13:58,698 : INFO : Test_Login : test_login : 23 : Going to Url -->https://admin-demo.nopcommerce.com/
 2023-05-26 23:13:59,208 : INFO : Test_Login : test_login : 25 : Entering Email-->admin@yourstore.com
 2023-05-26 23:13:59,552 : INFO : Test_Login : test_login : 27 : Entering Password-->admin
 2023-05-26 23:14:06,128 : INFO : Test_Login : test_login : 29 : Clicking Login
 2023-05-26 23:14:10,586 : INFO : Test_Login : test_login : 35 : test_login is Passed
 2023-05-26 23:14:10,593 : INFO : Test_Login : test_login : 41 : test_login is Completed
 2023-05-26 23:31:18,270 : INFO : Test_Login_Params : test_login_params : 21 : test_login_params is started
 2023-05-26 23:31:18,272 : INFO : Test_Login_Params : test_login_params : 22 : Opening Browser
 2023-05-26 23:31:20,016 : INFO : Test_Login_Params : test_login_params : 24 : Go to this url-->https://admin-demo.nopcommerce.com/
 2023-05-26 23:31:21,135 : INFO : Test_Login_Params : test_login_params : 27 : Entering username-->admin@yourstore.com
 2023-05-26 23:31:21,712 : INFO : Test_Login_Params : test_login_params : 29 : Entering password-->admin
 2023-05-26 23:31:27,077 : INFO : Test_Login_Params : test_login_params : 31 : Click on login button
 2023-05-26 23:31:37,147 : INFO : Test_Login_Params : test_login_params : 21 : test_login_params is started
 2023-05-26 23:31:37,147 : INFO : Test_Login_Params : test_login_params : 22 : Opening Browser
 2023-05-26 23:31:38,632 : INFO : Test_Login_Params : test_login_params : 24 : Go to this url-->https://admin-demo.nopcommerce.com/
 2023-05-26 23:31:39,141 : INFO : Test_Login_Params : test_login_params : 27 : Entering username-->admin@yourstore.com1
 2023-05-26 23:31:39,485 : INFO : Test_Login_Params : test_login_params : 29 : Entering password-->admin
 2023-05-26 23:31:40,195 : INFO : Test_Login_Params : test_login_params : 31 : Click on login button
 2023-05-26 23:31:51,510 : INFO : Test_Login_Params : test_login_params : 21 : test_login_params is started
 2023-05-26 23:31:51,510 : INFO : Test_Login_Params : test_login_params : 22 : Opening Browser
 2023-05-26 23:31:53,119 : INFO : Test_Login_Params : test_login_params : 24 : Go to this url-->https://admin-demo.nopcommerce.com/
 2023-05-26 23:31:53,650 : INFO : Test_Login_Params : test_login_params : 27 : Entering username-->admin@yourstore.com
 2023-05-26 23:31:54,009 : INFO : Test_Login_Params : test_login_params : 29 : Entering password-->admin1
 2023-05-26 23:31:54,728 : INFO : Test_Login_Params : test_login_params : 31 : Click on login button
 2023-05-26 23:32:05,155 : INFO : Test_Login_Params : test_login_params : 21 : test_login_params is started
 2023-05-26 23:32:05,155 : INFO : Test_Login_Params : test_login_params : 22 : Opening Browser
 2023-05-26 23:32:06,664 : INFO : Test_Login_Params : test_login_params : 24 : Go to this url-->https://admin-demo.nopcommerce.com/
 2023-05-26 23:32:07,163 : INFO : Test_Login_Params : test_login_params : 27 : Entering username-->admin@yourstore.com1
 2023-05-26 23:32:07,510 : INFO : Test_Login_Params : test_login_params : 29 : Entering password-->admin1
 2023-05-26 23:32:08,545 : INFO : Test_Login_Params : test_login_params : 31 : Click on login button
 2023-05-26 23:32:50,654 : INFO : Test_Login_Params : test_login_params : 21 : test_login_params is started
 2023-05-26 23:32:50,654 : INFO : Test_Login_Params : test_login_params : 22 : Opening Browser
 2023-05-26 23:32:52,138 : INFO : Test_Login_Params : test_login_params : 24 : Go to this url-->https://admin-demo.nopcommerce.com/
 2023-05-26 23:32:52,675 : INFO : Test_Login_Params : test_login_params : 27 : Entering username-->admin@yourstore.com
 2023-05-26 23:32:53,015 : INFO : Test_Login_Params : test_login_params : 29 : Entering password-->admin
 2023-05-26 23:32:58,453 : INFO : Test_Login_Params : test_login_params : 31 : Click on login button
 2023-05-26 23:33:08,375 : INFO : Test_Login_Params : test_login_params : 21 : test_login_params is started
 2023-05-26 23:33:08,375 : INFO : Test_Login_Params : test_login_params : 22 : Opening Browser
 2023-05-26 23:33:09,926 : INFO : Test_Login_Params : test_login_params : 24 : Go to this url-->https://admin-demo.nopcommerce.com/
 2023-05-26 23:33:10,493 : INFO : Test_Login_Params : test_login_params : 27 : Entering username-->admin@yourstore.com1
 2023-05-26 23:33:10,906 : INFO : Test_Login_Params : test_login_params : 29 : Entering password-->admin
 2023-05-26 23:33:11,897 : INFO : Test_Login_Params : test_login_params : 31 : Click on login button
 2023-05-26 23:33:25,177 : INFO : Test_Login_Params : test_login_params : 21 : test_login_params is started
 2023-05-26 23:33:25,177 : INFO : Test_Login_Params : test_login_params : 22 : Opening Browser
 2023-05-26 23:33:26,756 : INFO : Test_Login_Params : test_login_params : 24 : Go to this url-->https://admin-demo.nopcommerce.com/
 2023-05-26 23:33:27,259 : INFO : Test_Login_Params : test_login_params : 27 : Entering username-->admin@yourstore.com
 2023-05-26 23:33:27,585 : INFO : Test_Login_Params : test_login_params : 29 : Entering password-->admin1
 2023-05-26 23:33:28,568 : INFO : Test_Login_Params : test_login_params : 31 : Click on login button
 2023-05-26 23:33:39,644 : INFO : Test_Login_Params : test_login_params : 21 : test_login_params is started
 2023-05-26 23:33:39,645 : INFO : Test_Login_Params : test_login_params : 22 : Opening Browser
 2023-05-26 23:33:43,382 : INFO : Test_Login_Params : test_login_params : 24 : Go to this url-->https://admin-demo.nopcommerce.com/
 2023-05-26 23:33:43,905 : INFO : Test_Login_Params : test_login_params : 27 : Entering username-->admin@yourstore.com1
 2023-05-26 23:33:44,249 : INFO : Test_Login_Params : test_login_params : 29 : Entering password-->admin1
 2023-05-26 23:33:46,004 : INFO : Test_Login_Params : test_login_params : 31 : Click on login button
 2023-05-26 23:53:08,694 : INFO : Test_Login_Params : test_login_params : 21 : test_login_params is started
 2023-05-26 23:53:08,694 : INFO : Test_Login_Params : test_login_params : 22 : Opening Browser
 2023-05-26 23:53:12,429 : INFO : Test_Login_Params : test_login_params : 24 : Go to this url-->https://admin-demo.nopcommerce.com/
 2023-05-26 23:53:12,953 : INFO : Test_Login_Params : test_login_params : 27 : Entering username-->admin@yourstore.com
 2023-05-26 23:53:13,315 : INFO : Test_Login_Params : test_login_params : 29 : Entering password-->admin
 2023-05-26 23:53:18,843 : INFO : Test_Login_Params : test_login_params : 31 : Click on login button
 2023-05-26 23:53:23,528 : INFO : Test_Login_Params : test_login_params : 38 : Click on logout button
 2023-05-26 23:53:23,528 : INFO : Test_Login_Params : test_login_params : 39 : test_login_002 is Passed
 2023-05-26 23:53:24,421 : INFO : Test_Login_Params : test_login_params : 57 : test_login_002 is Completed
 2023-05-26 23:53:37,885 : INFO : Test_Login_Params : test_login_params : 21 : test_login_params is started
 2023-05-26 23:53:37,885 : INFO : Test_Login_Params : test_login_params : 22 : Opening Browser
 2023-05-26 23:53:39,498 : INFO : Test_Login_Params : test_login_params : 24 : Go to this url-->https://admin-demo.nopcommerce.com/
 2023-05-26 23:53:40,126 : INFO : Test_Login_Params : test_login_params : 27 : Entering username-->admin@yourstore.com1
 2023-05-26 23:53:40,519 : INFO : Test_Login_Params : test_login_params : 29 : Entering password-->admin
 2023-05-26 23:53:41,580 : INFO : Test_Login_Params : test_login_params : 31 : Click on login button
 2023-05-26 23:53:42,371 : INFO : Test_Login_Params : test_login_params : 57 : test_login_002 is Completed
 2023-05-26 23:53:55,207 : INFO : Test_Login_Params : test_login_params : 21 : test_login_params is started
 2023-05-26 23:53:55,207 : INFO : Test_Login_Params : test_login_params : 22 : Opening Browser
 2023-05-26 23:53:59,006 : INFO : Test_Login_Params : test_login_params : 24 : Go to this url-->https://admin-demo.nopcommerce.com/
 2023-05-26 23:53:59,502 : INFO : Test_Login_Params : test_login_params : 27 : Entering username-->admin@yourstore.com
 2023-05-26 23:53:59,819 : INFO : Test_Login_Params : test_login_params : 29 : Entering password-->admin1
 2023-05-26 23:54:01,761 : INFO : Test_Login_Params : test_login_params : 31 : Click on login button
 2023-05-26 23:54:02,916 : INFO : Test_Login_Params : test_login_params : 57 : test_login_002 is Completed
 2023-05-26 23:54:15,372 : INFO : Test_Login_Params : test_login_params : 21 : test_login_params is started
 2023-05-26 23:54:15,373 : INFO : Test_Login_Params : test_login_params : 22 : Opening Browser
 2023-05-26 23:54:16,727 : INFO : Test_Login_Params : test_login_params : 24 : Go to this url-->https://admin-demo.nopcommerce.com/
 2023-05-26 23:54:17,268 : INFO : Test_Login_Params : test_login_params : 27 : Entering username-->admin@yourstore.com1
 2023-05-26 23:54:17,651 : INFO : Test_Login_Params : test_login_params : 29 : Entering password-->admin1
 2023-05-26 23:54:18,759 : INFO : Test_Login_Params : test_login_params : 31 : Click on login button
 2023-05-26 23:54:20,685 : INFO : Test_Login_Params : test_login_params : 57 : test_login_002 is Completed
 2023-05-27 00:03:26,626 : INFO : Test_Login_Params : test_login_params : 21 : test_login_params is started
 2023-05-27 00:03:26,626 : INFO : Test_Login_Params : test_login_params : 22 : Opening Browser
 2023-05-27 00:03:30,683 : INFO : Test_Login_Params : test_login_params : 24 : Go to this url-->https://admin-demo.nopcommerce.com/
 2023-05-27 00:03:31,198 : INFO : Test_Login_Params : test_login_params : 27 : Entering username-->admin@yourstore.com
 2023-05-27 00:03:31,543 : INFO : Test_Login_Params : test_login_params : 29 : Entering password-->admin
 2023-05-27 00:03:37,350 : INFO : Test_Login_Params : test_login_params : 31 : Click on login button
 2023-05-27 00:03:41,750 : INFO : Test_Login_Params : test_login_params : 38 : Click on logout button
 2023-05-27 00:03:41,750 : INFO : Test_Login_Params : test_login_params : 39 : test_login_002 is Passed
 2023-05-27 00:03:43,299 : INFO : Test_Login_Params : test_login_params : 58 : test_login_002 is Completed
 2023-05-27 00:03:53,027 : INFO : Test_Login_Params : test_login_params : 21 : test_login_params is started
 2023-05-27 00:03:53,027 : INFO : Test_Login_Params : test_login_params : 22 : Opening Browser
 2023-05-27 00:03:55,356 : INFO : Test_Login_Params : test_login_params : 24 : Go to this url-->https://admin-demo.nopcommerce.com/
 2023-05-27 00:03:55,985 : INFO : Test_Login_Params : test_login_params : 27 : Entering username-->admin@yourstore.com1
 2023-05-27 00:03:56,339 : INFO : Test_Login_Params : test_login_params : 29 : Entering password-->admin
 2023-05-27 00:03:57,244 : INFO : Test_Login_Params : test_login_params : 31 : Click on login button
 2023-05-27 00:03:57,869 : INFO : Test_Login_Params : test_login_params : 58 : test_login_002 is Completed
 2023-05-27 00:04:09,612 : INFO : Test_Login_Params : test_login_params : 21 : test_login_params is started
 2023-05-27 00:04:09,612 : INFO : Test_Login_Params : test_login_params : 22 : Opening Browser
 2023-05-27 00:04:13,400 : INFO : Test_Login_Params : test_login_params : 24 : Go to this url-->https://admin-demo.nopcommerce.com/
 2023-05-27 00:04:13,913 : INFO : Test_Login_Params : test_login_params : 27 : Entering username-->admin@yourstore.com
 2023-05-27 00:04:14,264 : INFO : Test_Login_Params : test_login_params : 29 : Entering password-->admin1
 2023-05-27 00:04:16,016 : INFO : Test_Login_Params : test_login_params : 31 : Click on login button
 2023-05-27 00:04:16,659 : INFO : Test_Login_Params : test_login_params : 58 : test_login_002 is Completed
 2023-05-27 00:04:27,181 : INFO : Test_Login_Params : test_login_params : 21 : test_login_params is started
 2023-05-27 00:04:27,181 : INFO : Test_Login_Params : test_login_params : 22 : Opening Browser
 2023-05-27 00:04:31,055 : INFO : Test_Login_Params : test_login_params : 24 : Go to this url-->https://admin-demo.nopcommerce.com/
 2023-05-27 00:04:31,673 : INFO : Test_Login_Params : test_login_params : 27 : Entering username-->admin@yourstore.com1
 2023-05-27 00:04:32,031 : INFO : Test_Login_Params : test_login_params : 29 : Entering password-->admin1
 2023-05-27 00:04:33,873 : INFO : Test_Login_Params : test_login_params : 31 : Click on login button
 2023-05-27 00:04:35,115 : INFO : Test_Login_Params : test_login_params : 58 : test_login_002 is Completed
 2023-05-27 00:09:39,316 : INFO : Test_Login_Params : test_login_params : 21 : test_login_params is started
 2023-05-27 00:09:39,316 : INFO : Test_Login_Params : test_login_params : 22 : Opening Browser
 2023-05-27 00:09:42,220 : INFO : Test_Login_Params : test_login_params : 24 : Go to this url-->https://admin-demo.nopcommerce.com/
 2023-05-27 00:09:42,860 : INFO : Test_Login_Params : test_login_params : 27 : Entering username-->admin@yourstore.com
 2023-05-27 00:09:43,367 : INFO : Test_Login_Params : test_login_params : 29 : Entering password-->admin
 2023-05-27 00:09:48,493 : INFO : Test_Login_Params : test_login_params : 31 : Click on login button
 2023-05-27 00:09:53,369 : INFO : Test_Login_Params : test_login_params : 38 : Click on logout button
 2023-05-27 00:09:53,369 : INFO : Test_Login_Params : test_login_params : 39 : test_login_002 is Passed
 2023-05-27 00:09:54,732 : INFO : Test_Login_Params : test_login_params : 58 : test_login_002 is Completed
 2023-05-27 00:10:09,470 : INFO : Test_Login_Params : test_login_params : 21 : test_login_params is started
 2023-05-27 00:10:09,470 : INFO : Test_Login_Params : test_login_params : 22 : Opening Browser
 2023-05-27 00:10:13,652 : INFO : Test_Login_Params : test_login_params : 24 : Go to this url-->https://admin-demo.nopcommerce.com/
 2023-05-27 00:10:14,293 : INFO : Test_Login_Params : test_login_params : 27 : Entering username-->admin@yourstore.com1
 2023-05-27 00:10:14,714 : INFO : Test_Login_Params : test_login_params : 29 : Entering password-->admin
 2023-05-27 00:10:16,632 : INFO : Test_Login_Params : test_login_params : 31 : Click on login button
 2023-05-27 00:10:17,675 : INFO : Test_Login_Params : test_login_params : 58 : test_login_002 is Completed
 2023-05-27 00:10:29,778 : INFO : Test_Login_Params : test_login_params : 21 : test_login_params is started
 2023-05-27 00:10:29,778 : INFO : Test_Login_Params : test_login_params : 22 : Opening Browser
 2023-05-27 00:10:31,354 : INFO : Test_Login_Params : test_login_params : 24 : Go to this url-->https://admin-demo.nopcommerce.com/
 2023-05-27 00:10:31,983 : INFO : Test_Login_Params : test_login_params : 27 : Entering username-->admin@yourstore.com
 2023-05-27 00:10:32,386 : INFO : Test_Login_Params : test_login_params : 29 : Entering password-->admin1
 2023-05-27 00:10:33,824 : INFO : Test_Login_Params : test_login_params : 31 : Click on login button
 2023-05-27 00:10:34,568 : INFO : Test_Login_Params : test_login_params : 58 : test_login_002 is Completed
 2023-05-27 00:10:45,426 : INFO : Test_Login_Params : test_login_params : 21 : test_login_params is started
 2023-05-27 00:10:45,426 : INFO : Test_Login_Params : test_login_params : 22 : Opening Browser
 2023-05-27 00:10:47,109 : INFO : Test_Login_Params : test_login_params : 24 : Go to this url-->https://admin-demo.nopcommerce.com/
 2023-05-27 00:10:47,684 : INFO : Test_Login_Params : test_login_params : 27 : Entering username-->admin@yourstore.com1
 2023-05-27 00:10:48,099 : INFO : Test_Login_Params : test_login_params : 29 : Entering password-->admin1
 2023-05-27 00:10:49,208 : INFO : Test_Login_Params : test_login_params : 31 : Click on login button
 2023-05-27 00:10:50,185 : INFO : Test_Login_Params : test_login_params : 58 : test_login_002 is Completed
 2023-05-27 00:13:23,742 : INFO : Test_Login_Params : test_login_params : 21 : test_login_params is started
 2023-05-27 00:13:23,742 : INFO : Test_Login_Params : test_login_params : 22 : Opening Browser
 2023-05-27 00:13:31,839 : INFO : Test_Login_Params : test_login_params : 24 : Go to this url-->https://admin-demo.nopcommerce.com/
 2023-05-27 00:13:34,933 : INFO : Test_Login_Params : test_login_params : 21 : test_login_params is started
 2023-05-27 00:13:34,933 : INFO : Test_Login_Params : test_login_params : 22 : Opening Browser
 2023-05-27 00:13:35,302 : INFO : Test_Login_Params : test_login_params : 21 : test_login_params is started
 2023-05-27 00:13:35,302 : INFO : Test_Login_Params : test_login_params : 22 : Opening Browser
 2023-05-27 00:13:38,260 : INFO : Test_Login_Params : test_login_params : 27 : Entering username-->admin@yourstore.com1
 2023-05-27 00:13:40,659 : INFO : Test_Login_Params : test_login_params : 24 : Go to this url-->https://admin-demo.nopcommerce.com/
 2023-05-27 00:13:43,009 : INFO : Test_Login_Params : test_login_params : 24 : Go to this url-->https://admin-demo.nopcommerce.com/
 2023-05-27 00:13:44,589 : INFO : Test_Login_Params : test_login_params : 21 : test_login_params is started
 2023-05-27 00:13:44,589 : INFO : Test_Login_Params : test_login_params : 22 : Opening Browser
 2023-05-27 00:13:46,631 : INFO : Test_Login_Params : test_login_params : 24 : Go to this url-->https://admin-demo.nopcommerce.com/
 2023-05-27 00:13:47,057 : INFO : Test_Login_Params : test_login_params : 29 : Entering password-->admin1
 2023-05-27 00:13:47,711 : INFO : Test_Login_Params : test_login_params : 27 : Entering username-->admin@yourstore.com1
 2023-05-27 00:13:48,654 : INFO : Test_Login_Params : test_login_params : 27 : Entering username-->admin@yourstore.com
 2023-05-27 00:13:48,654 : INFO : Test_Login_Params : test_login_params : 27 : Entering username-->admin@yourstore.com
 2023-05-27 00:13:49,544 : INFO : Test_Login_Params : test_login_params : 29 : Entering password-->admin1
 2023-05-27 00:13:50,753 : INFO : Test_Login_Params : test_login_params : 31 : Click on login button
 2023-05-27 00:13:51,170 : INFO : Test_Login_Params : test_login_params : 31 : Click on login button
 2023-05-27 00:13:52,672 : INFO : Test_Login_Params : test_login_params : 29 : Entering password-->admin
 2023-05-27 00:13:54,919 : INFO : Test_Login_Params : test_login_params : 31 : Click on login button
 2023-05-27 00:13:56,721 : INFO : Test_Login_Params : test_login_params : 29 : Entering password-->admin
 2023-05-27 00:14:02,838 : INFO : Test_Login_Params : test_login_params : 31 : Click on login button
 2023-05-27 00:14:03,769 : INFO : Test_Login_Params : test_login_params : 58 : test_login_002 is Completed
 2023-05-27 00:14:03,941 : INFO : Test_Login_Params : test_login_params : 58 : test_login_002 is Completed
 2023-05-27 00:14:04,224 : INFO : Test_Login_Params : test_login_params : 58 : test_login_002 is Completed
 2023-05-27 00:14:07,906 : INFO : Test_Login_Params : test_login_params : 38 : Click on logout button
 2023-05-27 00:14:07,906 : INFO : Test_Login_Params : test_login_params : 39 : test_login_002 is Passed
 2023-05-27 00:14:09,386 : INFO : Test_Login_Params : test_login_params : 58 : test_login_002 is Completed
 2023-05-27 19:33:04,119 : INFO : Test_Login : test_login : 18 : Test login Started
 2023-05-27 19:33:04,119 : INFO : Test_Login : test_login : 20 : Opening Browser
 2023-05-27 19:33:06,676 : INFO : Test_Login : test_login : 23 : Going to Url -->https://admin-demo.nopcommerce.com/
 2023-05-27 19:33:07,927 : INFO : Test_Login : test_login : 25 : Entering Email-->admin@yourstore.com
 2023-05-27 19:33:08,661 : INFO : Test_Login : test_login : 27 : Entering Password-->admin
 2023-05-27 19:33:17,294 : INFO : Test_Login : test_login : 29 : Clicking Login
 2023-05-27 19:33:22,571 : INFO : Test_Login : test_login : 35 : test_login is Passed
 2023-05-27 19:33:22,571 : INFO : Test_Login : test_login : 41 : test_login is Completed
 2023-05-27 19:48:29,208 : INFO : Test_Login_DDT : test_login_ddt : 19 : test_login_ddt is started
 2023-05-27 19:48:29,208 : INFO : Test_Login_DDT : test_login_ddt : 20 : Opening Browser
 2023-05-27 19:48:31,771 : INFO : Test_Login_DDT : test_login_ddt : 22 : Go to this url-->https://admin-demo.nopcommerce.com/
 2023-05-27 19:50:03,080 : INFO : Test_Login_DDT : test_login_ddt : 21 : test_login_ddt is started
 2023-05-27 19:50:03,095 : INFO : Test_Login_DDT : test_login_ddt : 22 : Opening Browser
 2023-05-27 19:50:06,236 : INFO : Test_Login_DDT : test_login_ddt : 24 : Go to this url-->https://admin-demo.nopcommerce.com/
 2023-05-27 19:53:10,880 : INFO : Test_Login_DDT : test_login_ddt : 21 : test_login_ddt is started
 2023-05-27 19:53:10,880 : INFO : Test_Login_DDT : test_login_ddt : 22 : Opening Browser
 2023-05-27 19:53:13,224 : INFO : Test_Login_DDT : test_login_ddt : 24 : Go to this url-->https://admin-demo.nopcommerce.com/
 2023-05-27 20:00:21,474 : INFO : Test_Login : test_login : 17 : Test login Started
 2023-05-27 20:00:21,474 : INFO : Test_Login : test_login : 19 : Opening Browser
 2023-05-27 20:00:23,748 : INFO : Test_Login : test_login : 22 : Going to Url -->https://admin-demo.nopcommerce.com/
 2023-05-27 20:00:24,527 : INFO : Test_Login : test_login : 24 : Entering Email-->admin@yourstore.com
 2023-05-27 20:00:25,025 : INFO : Test_Login : test_login : 26 : Entering Password-->admin
 2023-05-27 20:00:34,325 : INFO : Test_Login : test_login : 28 : Clicking Login
 2023-05-27 20:00:40,801 : INFO : Test_Login : test_login : 34 : test_login is Passed
 2023-05-27 20:00:40,801 : INFO : Test_Login : test_login : 40 : test_login is Completed
 2023-05-27 20:20:29,257 : INFO : Test_Login : test_login : 19 : Test login Started
 2023-05-27 20:20:29,257 : INFO : Test_Login : test_login : 21 : Opening Browser
 2023-05-27 20:20:31,518 : INFO : Test_Login : test_login : 24 : Going to Url -->https://admin-demo.nopcommerce.com/
 2023-05-27 20:20:32,275 : INFO : Test_Login : test_login : 26 : Entering Email-->admin@yourstore.com
 2023-05-27 20:20:32,822 : INFO : Test_Login : test_login : 28 : Entering Password-->admin
 2023-05-27 20:20:40,010 : INFO : Test_Login : test_login : 30 : Clicking Login
 2023-05-27 20:20:46,177 : INFO : Test_Login : test_login : 37 : test_login is Passed
 2023-05-27 20:20:46,177 : INFO : Test_Login : test_login : 44 : test_login is Completed
 2023-05-27 20:23:39,511 : INFO : Test_Login : test_login : 19 : Test login Started
 2023-05-27 20:23:39,511 : INFO : Test_Login : test_login : 21 : Opening Browser
 2023-05-27 20:23:42,266 : INFO : Test_Login : test_login : 24 : Going to Url -->https://admin-demo.nopcommerce.com/
 2023-05-27 20:23:42,977 : INFO : Test_Login : test_login : 26 : Entering Email-->admin@yourstore.com
 2023-05-27 20:23:43,443 : INFO : Test_Login : test_login : 28 : Entering Password-->admin
 2023-05-27 20:23:50,753 : INFO : Test_Login : test_login : 30 : Clicking Login
 2023-05-27 20:23:57,117 : INFO : Test_Login : test_login : 37 : test_login is Passed
 2023-05-27 20:23:57,117 : INFO : Test_Login : test_login : 44 : test_login is Completed
 2023-05-27 20:27:03,981 : INFO : Test_Login : test_login : 19 : Test login Started
 2023-05-27 20:27:03,981 : INFO : Test_Login : test_login : 21 : Opening Browser
 2023-05-27 20:27:06,103 : INFO : Test_Login : test_login : 24 : Going to Url -->https://admin-demo.nopcommerce.com/
 2023-05-27 20:27:06,872 : INFO : Test_Login : test_login : 26 : Entering Email-->admin@yourstore.com
 2023-05-27 20:27:07,395 : INFO : Test_Login : test_login : 28 : Entering Password-->admin
 2023-05-27 20:27:14,622 : INFO : Test_Login : test_login : 30 : Clicking Login
 2023-05-27 20:27:20,024 : INFO : Test_Login : test_login : 37 : test_login is Passed
 2023-05-27 20:27:20,024 : INFO : Test_Login : test_login : 44 : test_login is Completed
 2023-05-27 20:35:12,667 : INFO : Test_Login : test_login : 19 : Test login Started
 2023-05-27 20:35:12,667 : INFO : Test_Login : test_login : 21 : Opening Browser
 2023-05-27 20:35:14,866 : INFO : Test_Login : test_login : 24 : Going to Url -->https://admin-demo.nopcommerce.com/
 2023-05-27 20:35:15,594 : INFO : Test_Login : test_login : 26 : Entering Email-->admin@yourstore.com
 2023-05-27 20:35:16,187 : INFO : Test_Login : test_login : 28 : Entering Password-->admin
 2023-05-27 20:35:23,012 : INFO : Test_Login : test_login : 30 : Clicking Login
 2023-05-27 20:35:29,601 : INFO : Test_Login : test_login : 37 : test_login is Passed
 2023-05-27 20:35:29,601 : INFO : Test_Login : test_login : 44 : test_login is Completed
 2023-05-27 20:39:05,056 : INFO : Test_Login : test_login : 19 : Test login Started
 2023-05-27 20:39:05,064 : INFO : Test_Login : test_login : 21 : Opening Browser
 2023-05-27 20:39:07,155 : INFO : Test_Login : test_login : 24 : Going to Url -->https://admin-demo.nopcommerce.com/
 2023-05-27 20:39:07,910 : INFO : Test_Login : test_login : 26 : Entering Email-->admin@yourstore.com
 2023-05-27 20:39:08,399 : INFO : Test_Login : test_login : 28 : Entering Password-->admin
 2023-05-27 20:39:16,343 : INFO : Test_Login : test_login : 30 : Clicking Login
 2023-05-27 20:39:21,899 : INFO : Test_Login : test_login : 37 : test_login is Passed
 2023-05-27 20:39:21,899 : INFO : Test_Login : test_login : 44 : test_login is Completed
 2023-05-28 19:31:00,152 : INFO : Test_Login : test_login : 19 : Test login Started
 2023-05-28 19:31:00,152 : INFO : Test_Login : test_login : 21 : Opening Browser
 2023-05-28 19:31:02,677 : INFO : Test_Login : test_login : 24 : Going to Url -->https://admin-demo.nopcommerce.com/
 2023-05-28 19:31:03,417 : INFO : Test_Login : test_login : 26 : Entering Email-->admin@yourstore.com
 2023-05-28 19:31:03,868 : INFO : Test_Login : test_login : 28 : Entering Password-->admin
 2023-05-28 19:31:09,335 : INFO : Test_Login : test_login : 30 : Clicking Login
 2023-05-28 19:31:14,720 : INFO : Test_Login : test_login : 37 : test_login is Passed
 2023-05-28 19:31:14,720 : INFO : Test_Login : test_login : 44 : test_login is Completed
